mode: atomic
cozy-insight-backend/internal/engine/calcite_client.go:36.87,37.16 1 2
cozy-insight-backend/internal/engine/calcite_client.go:37.16,39.3 1 1
cozy-insight-backend/internal/engine/calcite_client.go:43.2,44.16 2 1
cozy-insight-backend/internal/engine/calcite_client.go:44.16,46.3 1 0
cozy-insight-backend/internal/engine/calcite_client.go:49.2,49.26 1 1
cozy-insight-backend/internal/engine/calcite_client.go:49.26,51.3 1 1
cozy-insight-backend/internal/engine/calcite_client.go:52.2,52.26 1 1
cozy-insight-backend/internal/engine/calcite_client.go:52.26,54.3 1 1
cozy-insight-backend/internal/engine/calcite_client.go:55.2,55.29 1 1
cozy-insight-backend/internal/engine/calcite_client.go:55.29,57.3 1 1
cozy-insight-backend/internal/engine/calcite_client.go:60.2,63.44 3 1
cozy-insight-backend/internal/engine/calcite_client.go:63.44,65.3 1 1
cozy-insight-backend/internal/engine/calcite_client.go:67.2,70.8 1 0
cozy-insight-backend/internal/engine/calcite_client.go:74.128,79.20 2 0
cozy-insight-backend/internal/engine/calcite_client.go:79.20,80.60 1 0
cozy-insight-backend/internal/engine/calcite_client.go:80.60,81.59 1 0
cozy-insight-backend/internal/engine/calcite_client.go:81.59,83.5 1 0
cozy-insight-backend/internal/engine/calcite_client.go:88.2,89.16 2 0
cozy-insight-backend/internal/engine/calcite_client.go:89.16,91.3 1 0
cozy-insight-backend/internal/engine/calcite_client.go:94.2,94.20 1 0
cozy-insight-backend/internal/engine/calcite_client.go:94.20,96.3 1 0
cozy-insight-backend/internal/engine/calcite_client.go:98.2,98.20 1 0
cozy-insight-backend/internal/engine/calcite_client.go:102.135,104.2 1 0
cozy-insight-backend/internal/engine/calcite_client.go:107.135,109.16 2 0
cozy-insight-backend/internal/engine/calcite_client.go:109.16,111.3 1 0
cozy-insight-backend/internal/engine/calcite_client.go:112.2,114.26 2 0
cozy-insight-backend/internal/engine/calcite_client.go:118.85,120.16 2 0
cozy-insight-backend/internal/engine/calcite_client.go:120.16,122.3 1 0
cozy-insight-backend/internal/engine/calcite_client.go:124.2,126.18 2 0
cozy-insight-backend/internal/engine/calcite_client.go:126.18,130.25 3 0
cozy-insight-backend/internal/engine/calcite_client.go:130.25,132.4 1 0
cozy-insight-backend/internal/engine/calcite_client.go:135.3,135.49 1 0
cozy-insight-backend/internal/engine/calcite_client.go:135.49,137.4 1 0
cozy-insight-backend/internal/engine/calcite_client.go:140.3,141.31 2 0
cozy-insight-backend/internal/engine/calcite_client.go:141.31,144.33 2 0
cozy-insight-backend/internal/engine/calcite_client.go:144.33,146.5 1 0
cozy-insight-backend/internal/engine/calcite_client.go:146.10,148.5 1 0
cozy-insight-backend/internal/engine/calcite_client.go:151.3,151.31 1 0
cozy-insight-backend/internal/engine/calcite_client.go:154.2,154.35 1 0
cozy-insight-backend/internal/engine/calcite_client.go:154.35,156.3 1 0
cozy-insight-backend/internal/engine/calcite_client.go:158.2,158.20 1 0
cozy-insight-backend/internal/engine/calcite_client.go:162.84,166.31 3 4
cozy-insight-backend/internal/engine/calcite_client.go:166.31,168.3 1 2
cozy-insight-backend/internal/engine/calcite_client.go:169.2,170.38 2 4
cozy-insight-backend/internal/engine/calcite_client.go:174.103,175.20 1 0
cozy-insight-backend/internal/engine/calcite_client.go:175.20,177.3 1 0
cozy-insight-backend/internal/engine/calcite_client.go:178.2,179.38 2 0
cozy-insight-backend/internal/engine/calcite_client.go:183.39,184.17 1 0
cozy-insight-backend/internal/engine/calcite_client.go:184.17,186.3 1 0
cozy-insight-backend/internal/engine/calcite_client.go:187.2,187.12 1 0
cozy-insight-backend/internal/engine/calcite_client.go:191.45,192.17 1 0
cozy-insight-backend/internal/engine/calcite_client.go:192.17,194.3 1 0
cozy-insight-backend/internal/engine/calcite_client.go:195.2,195.22 1 0
cozy-insight-backend/internal/engine/calcite_client.go:199.57,200.17 1 0
cozy-insight-backend/internal/engine/calcite_client.go:200.17,202.3 1 0
cozy-insight-backend/internal/engine/calcite_client.go:203.2,203.30 1 0
cozy-insight-backend/internal/engine/datasource_connector.go:34.52,36.2 1 0
cozy-insight-backend/internal/engine/datasource_connector.go:39.117,47.68 4 0
cozy-insight-backend/internal/engine/datasource_connector.go:47.68,51.3 3 0
cozy-insight-backend/internal/engine/datasource_connector.go:54.2,55.16 2 0
cozy-insight-backend/internal/engine/datasource_connector.go:55.16,59.3 3 0
cozy-insight-backend/internal/engine/datasource_connector.go:62.2,63.16 2 0
cozy-insight-backend/internal/engine/datasource_connector.go:63.16,67.3 3 0
cozy-insight-backend/internal/engine/datasource_connector.go:68.2,75.44 4 0
cozy-insight-backend/internal/engine/datasource_connector.go:75.44,79.3 3 0
cozy-insight-backend/internal/engine/datasource_connector.go:81.2,84.20 4 0
cozy-insight-backend/internal/engine/datasource_connector.go:88.105,90.68 2 0
cozy-insight-backend/internal/engine/datasource_connector.go:90.68,92.3 1 0
cozy-insight-backend/internal/engine/datasource_connector.go:94.2,95.16 2 0
cozy-insight-backend/internal/engine/datasource_connector.go:95.16,97.3 1 0
cozy-insight-backend/internal/engine/datasource_connector.go:99.2,100.16 2 0
cozy-insight-backend/internal/engine/datasource_connector.go:100.16,102.3 1 0
cozy-insight-backend/internal/engine/datasource_connector.go:103.2,106.21 3 0
cozy-insight-backend/internal/engine/datasource_connector.go:107.15,108.27 1 0
cozy-insight-backend/internal/engine/datasource_connector.go:109.20,110.72 1 0
cozy-insight-backend/internal/engine/datasource_connector.go:111.10,112.73 1 0
cozy-insight-backend/internal/engine/datasource_connector.go:115.2,116.16 2 0
cozy-insight-backend/internal/engine/datasource_connector.go:116.16,118.3 1 0
cozy-insight-backend/internal/engine/datasource_connector.go:119.2,122.18 3 0
cozy-insight-backend/internal/engine/datasource_connector.go:122.18,124.42 2 0
cozy-insight-backend/internal/engine/datasource_connector.go:124.42,126.4 1 0
cozy-insight-backend/internal/engine/datasource_connector.go:127.3,127.38 1 0
cozy-insight-backend/internal/engine/datasource_connector.go:130.2,130.30 1 0
cozy-insight-backend/internal/engine/datasource_connector.go:134.112,136.68 2 0
cozy-insight-backend/internal/engine/datasource_connector.go:136.68,138.3 1 0
cozy-insight-backend/internal/engine/datasource_connector.go:141.2,144.16 3 0
cozy-insight-backend/internal/engine/datasource_connector.go:144.16,146.3 1 0
cozy-insight-backend/internal/engine/datasource_connector.go:148.2,149.16 2 0
cozy-insight-backend/internal/engine/datasource_connector.go:149.16,151.3 1 0
cozy-insight-backend/internal/engine/datasource_connector.go:152.2,155.21 3 0
cozy-insight-backend/internal/engine/datasource_connector.go:156.15,157.24 1 0
cozy-insight-backend/internal/engine/datasource_connector.go:158.20,159.72 1 0
cozy-insight-backend/internal/engine/datasource_connector.go:160.10,161.73 1 0
cozy-insight-backend/internal/engine/datasource_connector.go:164.2,165.16 2 0
cozy-insight-backend/internal/engine/datasource_connector.go:165.16,167.3 1 0
cozy-insight-backend/internal/engine/datasource_connector.go:168.2,171.18 3 0
cozy-insight-backend/internal/engine/datasource_connector.go:171.18,173.42 2 0
cozy-insight-backend/internal/engine/datasource_connector.go:173.42,175.4 1 0
cozy-insight-backend/internal/engine/datasource_connector.go:176.3,176.32 1 0
cozy-insight-backend/internal/engine/datasource_connector.go:179.2,179.27 1 0
cozy-insight-backend/internal/engine/datasource_connector.go:183.137,185.68 2 0
cozy-insight-backend/internal/engine/datasource_connector.go:185.68,187.3 1 0
cozy-insight-backend/internal/engine/datasource_connector.go:189.2,192.16 3 0
cozy-insight-backend/internal/engine/datasource_connector.go:192.16,194.3 1 0
cozy-insight-backend/internal/engine/datasource_connector.go:196.2,197.16 2 0
cozy-insight-backend/internal/engine/datasource_connector.go:197.16,199.3 1 0
cozy-insight-backend/internal/engine/datasource_connector.go:200.2,205.21 4 0
cozy-insight-backend/internal/engine/datasource_connector.go:206.15,207.30 1 0
cozy-insight-backend/internal/engine/datasource_connector.go:208.20,213.30 2 0
cozy-insight-backend/internal/engine/datasource_connector.go:214.10,215.73 1 0
cozy-insight-backend/internal/engine/datasource_connector.go:218.2,219.16 2 0
cozy-insight-backend/internal/engine/datasource_connector.go:219.16,221.3 1 0
cozy-insight-backend/internal/engine/datasource_connector.go:222.2,225.16 3 0
cozy-insight-backend/internal/engine/datasource_connector.go:225.16,227.3 1 0
cozy-insight-backend/internal/engine/datasource_connector.go:229.2,230.18 2 0
cozy-insight-backend/internal/engine/datasource_connector.go:230.18,233.25 3 0
cozy-insight-backend/internal/engine/datasource_connector.go:233.25,235.4 1 0
cozy-insight-backend/internal/engine/datasource_connector.go:237.3,237.49 1 0
cozy-insight-backend/internal/engine/datasource_connector.go:237.49,239.4 1 0
cozy-insight-backend/internal/engine/datasource_connector.go:241.3,242.31 2 0
cozy-insight-backend/internal/engine/datasource_connector.go:242.31,244.33 2 0
cozy-insight-backend/internal/engine/datasource_connector.go:244.33,246.5 1 0
cozy-insight-backend/internal/engine/datasource_connector.go:246.10,248.5 1 0
cozy-insight-backend/internal/engine/datasource_connector.go:250.3,250.31 1 0
cozy-insight-backend/internal/engine/datasource_connector.go:253.2,253.27 1 0
cozy-insight-backend/internal/engine/datasource_connector.go:257.82,258.21 1 0
cozy-insight-backend/internal/engine/datasource_connector.go:259.15,261.20 2 0
cozy-insight-backend/internal/engine/datasource_connector.go:261.20,263.4 1 0
cozy-insight-backend/internal/engine/datasource_connector.go:264.3,270.17 1 0
cozy-insight-backend/internal/engine/datasource_connector.go:272.20,278.25 1 0
cozy-insight-backend/internal/engine/datasource_connector.go:280.10,281.72 1 0
cozy-insight-backend/internal/engine/datasource_connector.go:286.67,287.16 1 0
cozy-insight-backend/internal/engine/datasource_connector.go:288.15,289.17 1 0
cozy-insight-backend/internal/engine/datasource_connector.go:290.20,291.20 1 0
cozy-insight-backend/internal/engine/datasource_connector.go:292.10,293.16 1 0
cozy-insight-backend/pkg/cache/redis.go:26.59,27.16 1 0
cozy-insight-backend/pkg/cache/redis.go:27.16,29.3 1 0
cozy-insight-backend/pkg/cache/redis.go:31.2,41.47 4 0
cozy-insight-backend/pkg/cache/redis.go:41.47,43.3 1 0
cozy-insight-backend/pkg/cache/redis.go:45.2,47.8 1 0
cozy-insight-backend/pkg/cache/redis.go:51.80,53.16 2 0
cozy-insight-backend/pkg/cache/redis.go:53.16,54.23 1 0
cozy-insight-backend/pkg/cache/redis.go:54.23,56.4 1 0
cozy-insight-backend/pkg/cache/redis.go:57.3,57.63 1 0
cozy-insight-backend/pkg/cache/redis.go:61.2,62.61 2 0
cozy-insight-backend/pkg/cache/redis.go:62.61,65.3 1 0
cozy-insight-backend/pkg/cache/redis.go:66.2,66.20 1 0
cozy-insight-backend/pkg/cache/redis.go:70.103,73.16 2 0
cozy-insight-backend/pkg/cache/redis.go:73.16,75.3 1 0
cozy-insight-backend/pkg/cache/redis.go:77.2,77.64 1 0
cozy-insight-backend/pkg/cache/redis.go:77.64,79.3 1 0
cozy-insight-backend/pkg/cache/redis.go:80.2,80.12 1 0
cozy-insight-backend/pkg/cache/redis.go:84.68,85.53 1 0
cozy-insight-backend/pkg/cache/redis.go:85.53,87.3 1 0
cozy-insight-backend/pkg/cache/redis.go:88.2,88.12 1 0
cozy-insight-backend/pkg/cache/redis.go:92.36,93.21 1 0
cozy-insight-backend/pkg/cache/redis.go:93.21,95.3 1 0
cozy-insight-backend/pkg/cache/redis.go:96.2,96.12 1 0
cozy-insight-backend/pkg/cache/redis.go:100.76,102.16 2 0
cozy-insight-backend/pkg/cache/redis.go:102.16,104.3 1 0
cozy-insight-backend/pkg/cache/redis.go:105.2,105.19 1 0
cozy-insight-backend/pkg/cache/redis.go:109.87,110.61 1 0
cozy-insight-backend/pkg/cache/redis.go:110.61,112.3 1 0
cozy-insight-backend/pkg/cache/redis.go:113.2,113.12 1 0
cozy-insight-backend/pkg/cache/redis.go:117.82,119.16 2 0
cozy-insight-backend/pkg/cache/redis.go:119.16,121.3 1 0
cozy-insight-backend/pkg/cache/redis.go:122.2,122.18 1 0
cozy-insight-backend/pkg/cache/redis.go:126.57,127.52 1 0
cozy-insight-backend/pkg/cache/redis.go:127.52,129.3 1 0
cozy-insight-backend/pkg/cache/redis.go:130.2,130.12 1 0
cozy-insight-backend/internal/model/additional_features.go:14.40,16.2 1 0
cozy-insight-backend/internal/model/additional_features.go:33.41,35.2 1 0
cozy-insight-backend/internal/model/chart.go:21.37,23.2 1 0
cozy-insight-backend/internal/model/chart_linkage.go:17.44,19.2 1 0
cozy-insight-backend/internal/model/chart_linkage.go:32.42,34.2 1 0
cozy-insight-backend/internal/model/dashboard.go:20.37,22.2 1 0
cozy-insight-backend/internal/model/dashboard_component.go:18.46,20.2 1 0
cozy-insight-backend/internal/model/dashboard_linkage.go:18.44,20.2 1 0
cozy-insight-backend/internal/model/dashboard_linkage.go:36.46,38.2 1 0
cozy-insight-backend/internal/model/dataset.go:15.40,17.2 1 0
cozy-insight-backend/internal/model/dataset.go:33.40,35.2 1 0
cozy-insight-backend/internal/model/dataset.go:52.45,54.2 1 0
cozy-insight-backend/internal/model/dataset_sql.go:15.45,17.2 1 0
cozy-insight-backend/internal/model/dataset_sql.go:33.44,35.2 1 0
cozy-insight-backend/internal/model/datasource.go:19.38,21.2 1 0
cozy-insight-backend/internal/model/permission.go:14.32,16.2 1 0
cozy-insight-backend/internal/model/permission.go:29.38,31.2 1 0
cozy-insight-backend/internal/model/permission.go:41.42,43.2 1 0
cozy-insight-backend/internal/model/permission.go:54.36,56.2 1 0
cozy-insight-backend/internal/model/permission.go:70.46,72.2 1 0
cozy-insight-backend/internal/model/row_permissions.go:17.49,19.2 1 0
cozy-insight-backend/internal/model/row_permissions.go:30.46,32.2 1 0
cozy-insight-backend/internal/model/schedule.go:18.40,20.2 1 0
cozy-insight-backend/internal/model/share.go:15.33,17.2 1 0
cozy-insight-backend/internal/model/system_extended.go:19.38,21.2 1 0
cozy-insight-backend/internal/model/system_extended.go:33.38,35.2 1 0
cozy-insight-backend/internal/model/system_extended.go:49.55,51.2 1 0
cozy-insight-backend/internal/model/user.go:13.32,15.2 1 0
cozy-insight-backend/pkg/config/config.go:64.47,68.45 3 6
cozy-insight-backend/pkg/config/config.go:68.45,70.3 1 2
cozy-insight-backend/pkg/config/config.go:72.2,73.49 2 4
cozy-insight-backend/pkg/config/config.go:73.49,75.3 1 0
cozy-insight-backend/pkg/config/config.go:77.2,78.21 2 4
cozy-insight-backend/internal/repository/calculated_field_repo.go:23.63,27.2 1 0
cozy-insight-backend/internal/repository/calculated_field_repo.go:29.113,31.2 1 0
cozy-insight-backend/internal/repository/calculated_field_repo.go:33.113,35.2 1 0
cozy-insight-backend/internal/repository/calculated_field_repo.go:37.82,39.2 1 0
cozy-insight-backend/internal/repository/calculated_field_repo.go:41.117,44.16 3 0
cozy-insight-backend/internal/repository/calculated_field_repo.go:44.16,46.3 1 0
cozy-insight-backend/internal/repository/calculated_field_repo.go:47.2,47.20 1 0
cozy-insight-backend/internal/repository/calculated_field_repo.go:50.132,54.2 3 0
cozy-insight-backend/internal/repository/chart_repo.go:19.43,21.2 1 0
cozy-insight-backend/internal/repository/chart_repo.go:23.85,25.2 1 0
cozy-insight-backend/internal/repository/chart_repo.go:27.85,29.2 1 0
cozy-insight-backend/internal/repository/chart_repo.go:31.72,33.2 1 0
cozy-insight-backend/internal/repository/chart_repo.go:35.89,38.16 3 0
cozy-insight-backend/internal/repository/chart_repo.go:38.16,40.3 1 0
cozy-insight-backend/internal/repository/chart_repo.go:41.2,41.20 1 0
cozy-insight-backend/internal/repository/chart_repo.go:44.97,47.19 3 0
cozy-insight-backend/internal/repository/chart_repo.go:47.19,49.3 1 0
cozy-insight-backend/internal/repository/chart_repo.go:50.2,51.18 2 0
cozy-insight-backend/internal/repository/dashboard_component_repo.go:25.69,29.2 1 0
cozy-insight-backend/internal/repository/dashboard_component_repo.go:31.111,33.2 1 0
cozy-insight-backend/internal/repository/dashboard_component_repo.go:35.111,37.2 1 0
cozy-insight-backend/internal/repository/dashboard_component_repo.go:39.85,41.2 1 0
cozy-insight-backend/internal/repository/dashboard_component_repo.go:43.111,46.16 3 0
cozy-insight-backend/internal/repository/dashboard_component_repo.go:46.16,48.3 1 0
cozy-insight-backend/internal/repository/dashboard_component_repo.go:49.2,49.24 1 0
cozy-insight-backend/internal/repository/dashboard_component_repo.go:52.134,59.2 3 0
cozy-insight-backend/internal/repository/dashboard_component_repo.go:61.119,62.26 1 0
cozy-insight-backend/internal/repository/dashboard_component_repo.go:62.26,64.3 1 0
cozy-insight-backend/internal/repository/dashboard_component_repo.go:65.2,65.56 1 0
cozy-insight-backend/internal/repository/dashboard_component_repo.go:68.105,72.2 1 0
cozy-insight-backend/internal/repository/dashboard_repo.go:19.51,21.2 1 0
cozy-insight-backend/internal/repository/dashboard_repo.go:23.93,25.2 1 0
cozy-insight-backend/internal/repository/dashboard_repo.go:27.93,29.2 1 0
cozy-insight-backend/internal/repository/dashboard_repo.go:31.76,33.2 1 0
cozy-insight-backend/internal/repository/dashboard_repo.go:35.93,38.16 3 0
cozy-insight-backend/internal/repository/dashboard_repo.go:38.16,40.3 1 0
cozy-insight-backend/internal/repository/dashboard_repo.go:41.2,41.24 1 0
cozy-insight-backend/internal/repository/dashboard_repo.go:44.97,47.15 3 0
cozy-insight-backend/internal/repository/dashboard_repo.go:47.15,49.3 1 0
cozy-insight-backend/internal/repository/dashboard_repo.go:50.2,51.18 2 0
cozy-insight-backend/internal/repository/dataset_field_repo.go:24.57,28.2 1 0
cozy-insight-backend/internal/repository/dataset_field_repo.go:30.100,32.2 1 0
cozy-insight-backend/internal/repository/dataset_field_repo.go:34.100,36.2 1 0
cozy-insight-backend/internal/repository/dataset_field_repo.go:38.79,40.2 1 0
cozy-insight-backend/internal/repository/dataset_field_repo.go:42.108,45.16 3 0
cozy-insight-backend/internal/repository/dataset_field_repo.go:45.16,47.3 1 0
cozy-insight-backend/internal/repository/dataset_field_repo.go:48.2,48.20 1 0
cozy-insight-backend/internal/repository/dataset_field_repo.go:51.121,58.2 3 0
cozy-insight-backend/internal/repository/dataset_field_repo.go:60.108,62.2 1 0
cozy-insight-backend/internal/repository/dataset_repo.go:34.47,36.2 1 0
cozy-insight-backend/internal/repository/dataset_repo.go:38.95,40.2 1 0
cozy-insight-backend/internal/repository/dataset_repo.go:42.95,44.2 1 0
cozy-insight-backend/internal/repository/dataset_repo.go:46.79,48.2 1 0
cozy-insight-backend/internal/repository/dataset_repo.go:50.99,53.16 3 0
cozy-insight-backend/internal/repository/dataset_repo.go:53.16,55.3 1 0
cozy-insight-backend/internal/repository/dataset_repo.go:56.2,56.20 1 0
cozy-insight-backend/internal/repository/dataset_repo.go:59.92,63.2 3 0
cozy-insight-backend/internal/repository/dataset_repo.go:65.95,67.2 1 0
cozy-insight-backend/internal/repository/dataset_repo.go:69.95,71.2 1 0
cozy-insight-backend/internal/repository/dataset_repo.go:73.99,76.16 3 0
cozy-insight-backend/internal/repository/dataset_repo.go:76.16,78.3 1 0
cozy-insight-backend/internal/repository/dataset_repo.go:79.2,79.20 1 0
cozy-insight-backend/internal/repository/dataset_repo.go:82.108,85.19 3 0
cozy-insight-backend/internal/repository/dataset_repo.go:85.19,87.3 1 0
cozy-insight-backend/internal/repository/dataset_repo.go:88.2,89.18 2 0
cozy-insight-backend/internal/repository/dataset_repo.go:92.102,93.22 1 0
cozy-insight-backend/internal/repository/dataset_repo.go:93.22,95.3 1 0
cozy-insight-backend/internal/repository/dataset_repo.go:97.2,97.74 1 0
cozy-insight-backend/internal/repository/dataset_repo.go:97.74,99.119 1 0
cozy-insight-backend/internal/repository/dataset_repo.go:99.119,101.4 1 0
cozy-insight-backend/internal/repository/dataset_repo.go:103.3,103.33 1 0
cozy-insight-backend/internal/repository/dataset_repo.go:107.112,111.2 3 0
cozy-insight-backend/internal/repository/dataset_repo.go:113.94,115.2 1 0
cozy-insight-backend/internal/repository/dataset_repo.go:117.109,118.22 1 0
cozy-insight-backend/internal/repository/dataset_repo.go:118.22,120.3 1 0
cozy-insight-backend/internal/repository/dataset_repo.go:121.2,121.59 1 0
cozy-insight-backend/internal/repository/datasource_repo.go:19.53,21.2 1 0
cozy-insight-backend/internal/repository/datasource_repo.go:23.88,25.2 1 0
cozy-insight-backend/internal/repository/datasource_repo.go:27.88,29.2 1 0
cozy-insight-backend/internal/repository/datasource_repo.go:31.77,33.2 1 0
cozy-insight-backend/internal/repository/datasource_repo.go:35.99,38.16 3 0
cozy-insight-backend/internal/repository/datasource_repo.go:38.16,40.3 1 0
cozy-insight-backend/internal/repository/datasource_repo.go:41.2,41.17 1 0
cozy-insight-backend/internal/repository/datasource_repo.go:44.87,48.2 3 0
cozy-insight-backend/internal/repository/oper_log_repo.go:21.47,25.2 1 0
cozy-insight-backend/internal/repository/oper_log_repo.go:27.86,29.2 1 0
cozy-insight-backend/internal/repository/oper_log_repo.go:31.167,37.18 4 0
cozy-insight-backend/internal/repository/oper_log_repo.go:37.18,39.3 1 0
cozy-insight-backend/internal/repository/oper_log_repo.go:40.2,40.18 1 0
cozy-insight-backend/internal/repository/oper_log_repo.go:40.18,42.3 1 0
cozy-insight-backend/internal/repository/oper_log_repo.go:43.2,43.19 1 0
cozy-insight-backend/internal/repository/oper_log_repo.go:43.19,45.3 1 0
cozy-insight-backend/internal/repository/oper_log_repo.go:46.2,46.17 1 0
cozy-insight-backend/internal/repository/oper_log_repo.go:46.17,48.3 1 0
cozy-insight-backend/internal/repository/oper_log_repo.go:50.2,55.25 4 0
cozy-insight-backend/internal/repository/oper_log_repo.go:58.81,60.2 1 0
cozy-insight-backend/internal/repository/permission_repo.go:33.53,37.2 1 0
cozy-insight-backend/internal/repository/permission_repo.go:39.96,41.2 1 0
cozy-insight-backend/internal/repository/permission_repo.go:43.77,45.2 1 0
cozy-insight-backend/internal/repository/permission_repo.go:47.95,50.16 3 0
cozy-insight-backend/internal/repository/permission_repo.go:50.16,52.3 1 0
cozy-insight-backend/internal/repository/permission_repo.go:53.2,53.25 1 0
cozy-insight-backend/internal/repository/permission_repo.go:56.87,60.2 3 0
cozy-insight-backend/internal/repository/permission_repo.go:62.120,64.39 2 0
cozy-insight-backend/internal/repository/permission_repo.go:64.39,69.3 1 0
cozy-insight-backend/internal/repository/permission_repo.go:70.2,70.61 1 0
cozy-insight-backend/internal/repository/permission_repo.go:73.123,77.2 1 0
cozy-insight-backend/internal/repository/permission_repo.go:79.116,87.2 3 0
cozy-insight-backend/internal/repository/permission_repo.go:89.113,91.2 1 0
cozy-insight-backend/internal/repository/permission_repo.go:93.95,95.2 1 0
cozy-insight-backend/internal/repository/permission_repo.go:97.146,103.2 3 0
cozy-insight-backend/internal/repository/permission_repo.go:105.132,117.16 3 0
cozy-insight-backend/internal/repository/permission_repo.go:117.16,119.3 1 0
cozy-insight-backend/internal/repository/permission_repo.go:120.2,120.15 1 0
cozy-insight-backend/internal/repository/permission_repo.go:120.15,122.3 1 0
cozy-insight-backend/internal/repository/permission_repo.go:125.2,134.16 2 0
cozy-insight-backend/internal/repository/permission_repo.go:134.16,136.3 1 0
cozy-insight-backend/internal/repository/permission_repo.go:138.2,138.23 1 0
cozy-insight-backend/internal/repository/role_repo.go:30.41,34.2 1 0
cozy-insight-backend/internal/repository/role_repo.go:36.78,38.2 1 0
cozy-insight-backend/internal/repository/role_repo.go:40.78,42.2 1 0
cozy-insight-backend/internal/repository/role_repo.go:44.71,46.2 1 0
cozy-insight-backend/internal/repository/role_repo.go:48.83,51.16 3 0
cozy-insight-backend/internal/repository/role_repo.go:51.16,53.3 1 0
cozy-insight-backend/internal/repository/role_repo.go:54.2,54.19 1 0
cozy-insight-backend/internal/repository/role_repo.go:57.91,60.16 3 0
cozy-insight-backend/internal/repository/role_repo.go:60.16,62.3 1 0
cozy-insight-backend/internal/repository/role_repo.go:63.2,63.19 1 0
cozy-insight-backend/internal/repository/role_repo.go:66.75,70.2 3 0
cozy-insight-backend/internal/repository/role_repo.go:72.93,78.2 2 0
cozy-insight-backend/internal/repository/role_repo.go:80.95,84.2 1 0
cozy-insight-backend/internal/repository/role_repo.go:86.98,94.2 3 0
cozy-insight-backend/internal/repository/role_repo.go:96.93,103.2 3 0
cozy-insight-backend/internal/repository/row_permission_repo.go:23.59,27.2 1 0
cozy-insight-backend/internal/repository/row_permission_repo.go:29.110,31.2 1 0
cozy-insight-backend/internal/repository/row_permission_repo.go:33.110,35.2 1 0
cozy-insight-backend/internal/repository/row_permission_repo.go:37.80,39.2 1 0
cozy-insight-backend/internal/repository/row_permission_repo.go:41.109,44.16 3 0
cozy-insight-backend/internal/repository/row_permission_repo.go:44.16,46.3 1 0
cozy-insight-backend/internal/repository/row_permission_repo.go:47.2,47.25 1 0
cozy-insight-backend/internal/repository/row_permission_repo.go:50.128,56.2 3 0
cozy-insight-backend/internal/repository/schedule_repo.go:23.49,27.2 1 0
cozy-insight-backend/internal/repository/schedule_repo.go:29.90,31.2 1 0
cozy-insight-backend/internal/repository/schedule_repo.go:33.90,35.2 1 0
cozy-insight-backend/internal/repository/schedule_repo.go:37.75,39.2 1 0
cozy-insight-backend/internal/repository/schedule_repo.go:41.95,44.16 3 0
cozy-insight-backend/internal/repository/schedule_repo.go:44.16,46.3 1 0
cozy-insight-backend/internal/repository/schedule_repo.go:47.2,47.19 1 0
cozy-insight-backend/internal/repository/schedule_repo.go:50.87,54.2 3 0
cozy-insight-backend/internal/repository/share_repo.go:23.43,27.2 1 0
cozy-insight-backend/internal/repository/share_repo.go:29.81,31.2 1 0
cozy-insight-backend/internal/repository/share_repo.go:33.85,36.16 3 0
cozy-insight-backend/internal/repository/share_repo.go:36.16,38.3 1 0
cozy-insight-backend/internal/repository/share_repo.go:39.2,39.20 1 0
cozy-insight-backend/internal/repository/share_repo.go:42.95,45.16 3 0
cozy-insight-backend/internal/repository/share_repo.go:45.16,47.3 1 0
cozy-insight-backend/internal/repository/share_repo.go:48.2,48.20 1 0
cozy-insight-backend/internal/repository/share_repo.go:51.72,53.2 1 0
cozy-insight-backend/internal/repository/share_repo.go:55.110,59.24 3 0
cozy-insight-backend/internal/repository/share_repo.go:59.24,61.3 1 0
cozy-insight-backend/internal/repository/share_repo.go:62.2,62.22 1 0
cozy-insight-backend/internal/repository/share_repo.go:62.22,64.3 1 0
cozy-insight-backend/internal/repository/share_repo.go:66.2,67.20 2 0
cozy-insight-backend/internal/repository/system_setting_repo.go:23.59,27.2 1 0
cozy-insight-backend/internal/repository/system_setting_repo.go:29.96,31.2 1 0
cozy-insight-backend/internal/repository/system_setting_repo.go:33.96,35.2 1 0
cozy-insight-backend/internal/repository/system_setting_repo.go:37.81,39.2 1 0
cozy-insight-backend/internal/repository/system_setting_repo.go:41.104,44.16 3 0
cozy-insight-backend/internal/repository/system_setting_repo.go:44.16,46.3 1 0
cozy-insight-backend/internal/repository/system_setting_repo.go:47.2,47.22 1 0
cozy-insight-backend/internal/repository/system_setting_repo.go:50.116,54.2 3 0
cozy-insight-backend/internal/repository/user_repo.go:18.41,20.2 1 0
cozy-insight-backend/internal/repository/user_repo.go:22.78,24.2 1 0
cozy-insight-backend/internal/repository/user_repo.go:26.99,29.16 3 0
cozy-insight-backend/internal/repository/user_repo.go:29.16,31.3 1 0
cozy-insight-backend/internal/repository/user_repo.go:32.2,32.19 1 0
cozy-insight-backend/internal/repository/user_repo.go:35.93,38.16 3 0
cozy-insight-backend/internal/repository/user_repo.go:38.16,40.3 1 0
cozy-insight-backend/internal/repository/user_repo.go:41.2,41.19 1 0
cozy-insight-backend/internal/repository/user_repo.go:44.87,47.16 3 0
cozy-insight-backend/internal/repository/user_repo.go:47.16,49.3 1 0
cozy-insight-backend/internal/repository/user_repo.go:50.2,50.19 1 0
cozy-insight-backend/pkg/jwt/jwt.go:19.75,33.2 3 9
cozy-insight-backend/pkg/jwt/jwt.go:36.62,37.104 1 9
cozy-insight-backend/pkg/jwt/jwt.go:37.104,39.3 1 6
cozy-insight-backend/pkg/jwt/jwt.go:41.2,41.16 1 9
cozy-insight-backend/pkg/jwt/jwt.go:41.16,43.3 1 5
cozy-insight-backend/pkg/jwt/jwt.go:45.2,45.61 1 4
cozy-insight-backend/pkg/jwt/jwt.go:45.61,47.3 1 4
cozy-insight-backend/pkg/jwt/jwt.go:49.2,49.41 1 0
cozy-insight-backend/pkg/logger/logger.go:12.31,18.15 5 9
cozy-insight-backend/pkg/logger/logger.go:19.15,20.25 1 3
cozy-insight-backend/pkg/logger/logger.go:21.14,22.24 1 1
cozy-insight-backend/pkg/logger/logger.go:23.14,24.24 1 1
cozy-insight-backend/pkg/logger/logger.go:25.15,26.25 1 2
cozy-insight-backend/pkg/logger/logger.go:27.10,28.24 1 2
cozy-insight-backend/pkg/logger/logger.go:31.2,38.25 3 9
cozy-insight-backend/pkg/database/mysql.go:15.46,32.16 4 1
cozy-insight-backend/pkg/database/mysql.go:32.16,34.3 1 1
cozy-insight-backend/pkg/database/mysql.go:36.2,36.12 1 0
