mode: set
cozy-insight-backend/pkg/cache/redis.go:26.59,27.16 1 0
cozy-insight-backend/pkg/cache/redis.go:27.16,29.3 1 0
cozy-insight-backend/pkg/cache/redis.go:31.2,41.47 4 0
cozy-insight-backend/pkg/cache/redis.go:41.47,43.3 1 0
cozy-insight-backend/pkg/cache/redis.go:45.2,47.8 1 0
cozy-insight-backend/pkg/cache/redis.go:51.80,53.16 2 0
cozy-insight-backend/pkg/cache/redis.go:53.16,54.23 1 0
cozy-insight-backend/pkg/cache/redis.go:54.23,56.4 1 0
cozy-insight-backend/pkg/cache/redis.go:57.3,57.63 1 0
cozy-insight-backend/pkg/cache/redis.go:61.2,62.61 2 0
cozy-insight-backend/pkg/cache/redis.go:62.61,65.3 1 0
cozy-insight-backend/pkg/cache/redis.go:66.2,66.20 1 0
cozy-insight-backend/pkg/cache/redis.go:70.103,73.16 2 0
cozy-insight-backend/pkg/cache/redis.go:73.16,75.3 1 0
cozy-insight-backend/pkg/cache/redis.go:77.2,77.64 1 0
cozy-insight-backend/pkg/cache/redis.go:77.64,79.3 1 0
cozy-insight-backend/pkg/cache/redis.go:80.2,80.12 1 0
cozy-insight-backend/pkg/cache/redis.go:84.68,85.53 1 0
cozy-insight-backend/pkg/cache/redis.go:85.53,87.3 1 0
cozy-insight-backend/pkg/cache/redis.go:88.2,88.12 1 0
cozy-insight-backend/pkg/cache/redis.go:92.36,93.21 1 0
cozy-insight-backend/pkg/cache/redis.go:93.21,95.3 1 0
cozy-insight-backend/pkg/cache/redis.go:96.2,96.12 1 0
cozy-insight-backend/pkg/cache/redis.go:100.76,102.16 2 0
cozy-insight-backend/pkg/cache/redis.go:102.16,104.3 1 0
cozy-insight-backend/pkg/cache/redis.go:105.2,105.19 1 0
cozy-insight-backend/pkg/cache/redis.go:109.87,110.61 1 0
cozy-insight-backend/pkg/cache/redis.go:110.61,112.3 1 0
cozy-insight-backend/pkg/cache/redis.go:113.2,113.12 1 0
cozy-insight-backend/pkg/cache/redis.go:117.82,119.16 2 0
cozy-insight-backend/pkg/cache/redis.go:119.16,121.3 1 0
cozy-insight-backend/pkg/cache/redis.go:122.2,122.18 1 0
cozy-insight-backend/pkg/cache/redis.go:126.57,127.52 1 0
cozy-insight-backend/pkg/cache/redis.go:127.52,129.3 1 0
cozy-insight-backend/pkg/cache/redis.go:130.2,130.12 1 0
cozy-insight-backend/pkg/config/config.go:64.47,68.45 3 1
cozy-insight-backend/pkg/config/config.go:68.45,70.3 1 1
cozy-insight-backend/pkg/config/config.go:72.2,73.49 2 1
cozy-insight-backend/pkg/config/config.go:73.49,75.3 1 0
cozy-insight-backend/pkg/config/config.go:77.2,78.21 2 1
cozy-insight-backend/pkg/database/mysql.go:15.46,32.16 4 1
cozy-insight-backend/pkg/database/mysql.go:32.16,34.3 1 1
cozy-insight-backend/pkg/database/mysql.go:36.2,36.12 1 0
cozy-insight-backend/pkg/jwt/jwt.go:19.75,33.2 3 1
cozy-insight-backend/pkg/jwt/jwt.go:36.62,37.104 1 1
cozy-insight-backend/pkg/jwt/jwt.go:37.104,39.3 1 1
cozy-insight-backend/pkg/jwt/jwt.go:41.2,41.16 1 1
cozy-insight-backend/pkg/jwt/jwt.go:41.16,43.3 1 1
cozy-insight-backend/pkg/jwt/jwt.go:45.2,45.61 1 1
cozy-insight-backend/pkg/jwt/jwt.go:45.61,47.3 1 1
cozy-insight-backend/pkg/jwt/jwt.go:49.2,49.41 1 0
cozy-insight-backend/pkg/logger/logger.go:12.31,18.15 5 1
cozy-insight-backend/pkg/logger/logger.go:19.15,20.25 1 1
cozy-insight-backend/pkg/logger/logger.go:21.14,22.24 1 1
cozy-insight-backend/pkg/logger/logger.go:23.14,24.24 1 1
cozy-insight-backend/pkg/logger/logger.go:25.15,26.25 1 1
cozy-insight-backend/pkg/logger/logger.go:27.10,28.24 1 1
cozy-insight-backend/pkg/logger/logger.go:31.2,38.25 3 1
